f:\hklab\ruijiebreak\debug\distormx.pdb
f:\hklab\ruijiebreak\debug\distormx.idb
f:\hklab\ruijiebreak\distormx\build\win32\debug\os.obj
f:\hklab\ruijiebreak\distormx\build\win32\debug\distormx.obj
f:\hklab\ruijiebreak\distormx\build\win32\debug\textdefs.obj
f:\hklab\ruijiebreak\distormx\build\win32\debug\prefix.obj
f:\hklab\ruijiebreak\distormx\build\win32\debug\operands.obj
f:\hklab\ruijiebreak\distormx\build\win32\debug\mnemonics.obj
f:\hklab\ruijiebreak\distormx\build\win32\debug\insts.obj
f:\hklab\ruijiebreak\distormx\build\win32\debug\instructions.obj
f:\hklab\ruijiebreak\distormx\build\win32\debug\distorm.obj
f:\hklab\ruijiebreak\distormx\build\win32\debug\decoder.obj
f:\hklab\ruijiebreak\debug\distormx.lib
f:\hklab\ruijiebreak\distormx\build\win32\debug\distormx.tlog\cl.command.1.tlog
f:\hklab\ruijiebreak\distormx\build\win32\debug\distormx.tlog\cl.items.tlog
f:\hklab\ruijiebreak\distormx\build\win32\debug\distormx.tlog\cl.read.1.tlog
f:\hklab\ruijiebreak\distormx\build\win32\debug\distormx.tlog\cl.write.1.tlog
f:\hklab\ruijiebreak\distormx\build\win32\debug\distormx.tlog\lib-link.read.1.tlog
f:\hklab\ruijiebreak\distormx\build\win32\debug\distormx.tlog\lib-link.write.1.tlog
f:\hklab\ruijiebreak\distormx\build\win32\debug\distormx.tlog\lib.command.1.tlog
